
GET: /api/contacts | 23-04-2023_08:33:07
GET: /api/contacts | 25-04-2023_02:56:09
GET: /api/contacts | 26-04-2023_12:56:48
GET: /api/contacts/qweqeqwew | 26-04-2023_12:56:54
GET: /api/contacts | 26-04-2023_01:28:38
GET: /api/contacts | 26-04-2023_01:29:58
PUT: /api/contacts | 26-04-2023_01:30:28
POST: /api/contacts | 26-04-2023_01:30:40
POST: /api/contacts | 26-04-2023_01:30:55
GET: /api/contacts | 02-05-2023_10:09:28
GET: /api/contacts | 02-05-2023_10:09:42
GET: /api/contacts | 02-05-2023_10:10:08
GET: /api/contacts | 02-05-2023_10:11:46
GET: /api/contacts | 02-05-2023_10:12:02
GET: /api/contacts | 02-05-2023_10:12:51
GET: /api/contactsz | 02-05-2023_10:15:58
GET: /api/contactsz | 02-05-2023_10:16:16
GET: /api/contacts | 02-05-2023_10:16:45
GET: /api/contacts | 02-05-2023_10:17:13
GET: /api/contacts | 02-05-2023_10:17:52
GET: /api/contacts | 02-05-2023_10:18:20
GET: /api/contacts | 02-05-2023_10:18:41
GET: /api/contacts | 02-05-2023_10:19:08
GET: /api/contacts | 02-05-2023_10:19:39
GET: /api/contacts | 02-05-2023_10:20:03